Vivado Simulator 2018.2
Copyright 1986-1999, 2001-2018 Xilinx, Inc. All Rights Reserved.
Running: C:/Xilinx/Vivado/2018.2/bin/unwrapped/win64.o/xelab.exe -wto 062b8d0a329c43089f388f3d2a27d831 --incr --debug typical --relax --mt 2 -L xil_defaultlib -L secureip --snapshot aes_tb_behav xil_defaultlib.aes_tb -log elaborate.log 
Using 2 slave threads.
Starting static elaboration
Completed static elaboration
Starting simulation data flow analysis
Completed simulation data flow analysis
Time Resolution for simulation is 1ps
Compiling package std.standard
Compiling package std.textio
Compiling package ieee.std_logic_1164
Compiling package ieee.numeric_std
Compiling package ieee.std_logic_arith
Compiling package ieee.std_logic_unsigned
Compiling architecture behavioral of entity xil_defaultlib.shift256dec [shift256dec_default]
Compiling architecture beh of entity xil_defaultlib.inv_shift_row [inv_shift_row_default]
Compiling architecture behavioral of entity xil_defaultlib.invSBox [invsbox_default]
Compiling architecture behavioral of entity xil_defaultlib.invsub_bytes [invsub_bytes_default]
Compiling architecture behavioral of entity xil_defaultlib.addRoundKey [addroundkey_default]
Compiling architecture invmix1column_arch of entity xil_defaultlib.invMix1Column [invmix1column_default]
Compiling architecture invmixcolumns_arch of entity xil_defaultlib.invMixColumns [invmixcolumns_default]
Compiling architecture beh of entity xil_defaultlib.invRound [invround_default]
Compiling architecture beh of entity xil_defaultlib.sbox [sbox_default]
Compiling architecture beh of entity xil_defaultlib.s_box_4 [s_box_4_default]
Compiling architecture beh of entity xil_defaultlib.key_schedule_256 [key_schedule_256_default]
Compiling architecture behavioral of entity xil_defaultlib.SRAM256 [sram256_default]
Compiling architecture beh of entity xil_defaultlib.control_DEC_256 [control_dec_256_default]
Compiling architecture beh of entity xil_defaultlib.aes [aes_default]
Compiling architecture bench of entity xil_defaultlib.aes_tb
Built simulation snapshot aes_tb_behav
